11702 INFO  ServerLogger: New connection has arrived, download task given to available thread!
11710 ERROR ServerLogger: Error while downloading file from some socket!!!
68278 INFO  ServerLogger: New connection has arrived, download task given to available thread!
68294 INFO  ServerLogger: voina.pdf speed = 109226.66666666667 bytes
68294 INFO  ServerLogger: voina.pdf average speed = 109226.66666666667 bytes
68295 INFO  ServerLogger: voina.pdf speed = 1922389.3333333333 bytes
68295 INFO  ServerLogger: voina.pdf average speed = 1015808.0 bytes
68295 INFO  ServerLogger: voina.pdf speed = 174762.66666666666 bytes
68296 INFO  ServerLogger: voina.pdf average speed = 735459.5555555555 bytes
68296 INFO  ServerLogger: voina.pdf speed = 152917.33333333334 bytes
68298 INFO  ServerLogger: voina.pdf average speed = 589824.0 bytes
68298 INFO  ServerLogger: voina.pdf speed = 415061.3333333333 bytes
68298 INFO  ServerLogger: voina.pdf average speed = 554871.4666666667 bytes
68298 INFO  ServerLogger: voina.pdf speed = 0.0 bytes
68298 INFO  ServerLogger: voina.pdf average speed = 462392.8888888889 bytes
68298 INFO  ServerLogger: voina.pdf speed = 0.0 bytes
68299 INFO  ServerLogger: voina.pdf average speed = 396336.7619047619 bytes
68299 INFO  ServerLogger: voina.pdf speed = 0.0 bytes
68299 INFO  ServerLogger: voina.pdf average speed = 346794.6666666667 bytes
68299 INFO  ServerLogger: voina.pdf speed = 21845.333333333332 bytes
68299 INFO  ServerLogger: voina.pdf average speed = 310689.18518518517 bytes
68300 INFO  ServerLogger: voina.pdf speed = 87381.33333333333 bytes
68300 INFO  ServerLogger: voina.pdf average speed = 288358.4 bytes
68300 INFO  ServerLogger: voina.pdf speed = 109226.66666666667 bytes
68300 INFO  ServerLogger: voina.pdf average speed = 272073.69696969696 bytes
68301 INFO  ServerLogger: voina.pdf speed = 152917.33333333334 bytes
68301 INFO  ServerLogger: voina.pdf average speed = 262144.0 bytes
68301 INFO  ServerLogger: voina.pdf speed = 152917.33333333334 bytes
68302 INFO  ServerLogger: voina.pdf average speed = 253741.94871794872 bytes
68302 INFO  ServerLogger: voina.pdf speed = 21845.333333333332 bytes
68302 INFO  ServerLogger: voina.pdf average speed = 237177.90476190476 bytes
68303 INFO  ServerLogger: voina.pdf speed = 152917.33333333334 bytes
68303 INFO  ServerLogger: voina.pdf average speed = 231560.53333333333 bytes
68303 INFO  ServerLogger: voina.pdf speed = 152917.33333333334 bytes
68303 INFO  ServerLogger: voina.pdf average speed = 226645.33333333334 bytes
68303 INFO  ServerLogger: voina.pdf speed = 0.0 bytes
68303 INFO  ServerLogger: voina.pdf average speed = 213313.25490196078 bytes
68304 INFO  ServerLogger: voina.pdf speed = 0.0 bytes
68304 INFO  ServerLogger: voina.pdf average speed = 201462.5185185185 bytes
68304 INFO  ServerLogger: voina.pdf speed = 0.0 bytes
68304 INFO  ServerLogger: voina.pdf average speed = 190859.22807017545 bytes
68304 INFO  ServerLogger: voina.pdf speed = 0.0 bytes
68304 INFO  ServerLogger: voina.pdf average speed = 181316.26666666666 bytes
68304 INFO  ServerLogger: voina.pdf speed = 0.0 bytes
68304 INFO  ServerLogger: voina.pdf average speed = 172682.15873015873 bytes
68304 INFO  ServerLogger: voina.pdf speed = 0.0 bytes
68304 INFO  ServerLogger: voina.pdf average speed = 164832.9696969697 bytes
68305 INFO  ServerLogger: voina.pdf speed = 0.0 bytes
68305 INFO  ServerLogger: voina.pdf average speed = 157666.3188405797 bytes
68305 INFO  ServerLogger: voina.pdf speed = 0.0 bytes
68305 INFO  ServerLogger: voina.pdf average speed = 151096.88888888888 bytes
68306 INFO  ServerLogger: voina.pdf speed = 152917.33333333334 bytes
68306 INFO  ServerLogger: voina.pdf average speed = 151169.70666666667 bytes
68306 INFO  ServerLogger: voina.pdf speed = 131072.0 bytes
68307 INFO  ServerLogger: voina.pdf average speed = 150396.71794871794 bytes
68307 INFO  ServerLogger: voina.pdf speed = 109226.66666666667 bytes
68307 INFO  ServerLogger: voina.pdf average speed = 148871.9012345679 bytes
68307 INFO  ServerLogger: voina.pdf speed = 131072.0 bytes
68308 INFO  ServerLogger: voina.pdf average speed = 148236.19047619047 bytes
68308 INFO  ServerLogger: voina.pdf speed = 43690.666666666664 bytes
68308 INFO  ServerLogger: voina.pdf average speed = 144631.1724137931 bytes
68308 INFO  ServerLogger: voina.pdf speed = 109226.66666666667 bytes
68309 INFO  ServerLogger: voina.pdf average speed = 143451.02222222224 bytes
68309 INFO  ServerLogger: voina.pdf speed = 87381.33333333333 bytes
68309 INFO  ServerLogger: voina.pdf average speed = 141642.32258064515 bytes
68309 INFO  ServerLogger: voina.pdf speed = 87381.33333333333 bytes
68310 INFO  ServerLogger: voina.pdf average speed = 139946.66666666666 bytes
68310 INFO  ServerLogger: voina.pdf speed = 0.0 bytes
68310 INFO  ServerLogger: voina.pdf average speed = 135705.85858585857 bytes
68310 INFO  ServerLogger: voina.pdf speed = 0.0 bytes
68310 INFO  ServerLogger: voina.pdf average speed = 131714.50980392157 bytes
68310 INFO  ServerLogger: voina.pdf speed = 21845.333333333332 bytes
68310 INFO  ServerLogger: voina.pdf average speed = 128575.39047619047 bytes
68311 INFO  ServerLogger: voina.pdf speed = 87381.33333333333 bytes
68311 INFO  ServerLogger: voina.pdf average speed = 127431.11111111111 bytes
68311 INFO  ServerLogger: voina.pdf speed = 131072.0 bytes
68311 INFO  ServerLogger: voina.pdf average speed = 127529.51351351352 bytes
68312 INFO  ServerLogger: voina.pdf speed = 109226.66666666667 bytes
68312 INFO  ServerLogger: voina.pdf average speed = 127047.85964912281 bytes
68312 INFO  ServerLogger: voina.pdf speed = 131072.0 bytes
68312 INFO  ServerLogger: voina.pdf average speed = 127151.04273504273 bytes
68315 ERROR ServerLogger: Failure during download of voina.pdf. File may be broken!!!
100456 INFO  ServerLogger: New connection has arrived, download task given to available thread!
100460 INFO  ServerLogger: voina.pdf speed = 0.0 bytes
100460 INFO  ServerLogger: voina.pdf average speed = 0.0 bytes
100460 INFO  ServerLogger: voina.pdf speed = 43690.666666666664 bytes
100461 INFO  ServerLogger: voina.pdf average speed = 21845.333333333332 bytes
100461 INFO  ServerLogger: voina.pdf speed = 109226.66666666667 bytes
100461 INFO  ServerLogger: voina.pdf average speed = 50972.444444444445 bytes
100461 INFO  ServerLogger: voina.pdf speed = 43690.666666666664 bytes
100462 INFO  ServerLogger: voina.pdf average speed = 49152.0 bytes
100462 INFO  ServerLogger: voina.pdf speed = 87381.33333333333 bytes
100462 INFO  ServerLogger: voina.pdf average speed = 56797.86666666667 bytes
100463 INFO  ServerLogger: voina.pdf speed = 65536.0 bytes
100463 INFO  ServerLogger: voina.pdf average speed = 58254.22222222222 bytes
100463 INFO  ServerLogger: voina.pdf speed = 109226.66666666667 bytes
100463 INFO  ServerLogger: voina.pdf average speed = 65536.0 bytes
100464 INFO  ServerLogger: voina.pdf speed = 43690.666666666664 bytes
100464 INFO  ServerLogger: voina.pdf average speed = 62805.333333333336 bytes
100464 INFO  ServerLogger: voina.pdf speed = 152917.33333333334 bytes
100464 INFO  ServerLogger: voina.pdf average speed = 72817.77777777778 bytes
100465 INFO  ServerLogger: voina.pdf speed = 21845.333333333332 bytes
100465 INFO  ServerLogger: voina.pdf average speed = 67720.53333333334 bytes
100465 INFO  ServerLogger: voina.pdf speed = 152917.33333333334 bytes
100466 INFO  ServerLogger: voina.pdf average speed = 75465.69696969698 bytes
100466 INFO  ServerLogger: voina.pdf speed = 65536.0 bytes
100466 INFO  ServerLogger: voina.pdf average speed = 74638.22222222222 bytes
100467 INFO  ServerLogger: voina.pdf speed = 131072.0 bytes
100467 INFO  ServerLogger: voina.pdf average speed = 78979.28205128205 bytes
100467 INFO  ServerLogger: voina.pdf speed = 109226.66666666667 bytes
100467 INFO  ServerLogger: voina.pdf average speed = 81139.80952380953 bytes
100467 INFO  ServerLogger: voina.pdf speed = 43690.666666666664 bytes
100467 INFO  ServerLogger: voina.pdf average speed = 78643.2 bytes
100468 INFO  ServerLogger: voina.pdf speed = 43690.666666666664 bytes
100468 INFO  ServerLogger: voina.pdf average speed = 76458.66666666667 bytes
100468 INFO  ServerLogger: voina.pdf speed = 152917.33333333334 bytes
100468 INFO  ServerLogger: voina.pdf average speed = 80956.23529411765 bytes
100469 INFO  ServerLogger: voina.pdf speed = 43690.666666666664 bytes
100469 INFO  ServerLogger: voina.pdf average speed = 78885.92592592593 bytes
100469 INFO  ServerLogger: voina.pdf speed = 131072.0 bytes
100469 INFO  ServerLogger: voina.pdf average speed = 81632.56140350878 bytes
100470 INFO  ServerLogger: voina.pdf speed = 65536.0 bytes
100470 INFO  ServerLogger: voina.pdf average speed = 80827.73333333334 bytes
100470 INFO  ServerLogger: voina.pdf speed = 152917.33333333334 bytes
100471 INFO  ServerLogger: voina.pdf average speed = 84260.57142857143 bytes
100471 INFO  ServerLogger: voina.pdf speed = 174762.66666666666 bytes
100472 INFO  ServerLogger: voina.pdf average speed = 88374.30303030302 bytes
100472 INFO  ServerLogger: voina.pdf speed = 65536.0 bytes
100472 INFO  ServerLogger: voina.pdf average speed = 87381.33333333333 bytes
100473 INFO  ServerLogger: voina.pdf speed = 87381.33333333333 bytes
100473 INFO  ServerLogger: voina.pdf average speed = 87381.33333333333 bytes
100473 INFO  ServerLogger: voina.pdf speed = 87381.33333333333 bytes
100474 INFO  ServerLogger: voina.pdf average speed = 87381.33333333333 bytes
100474 INFO  ServerLogger: voina.pdf speed = 109226.66666666667 bytes
100474 INFO  ServerLogger: voina.pdf average speed = 88221.53846153847 bytes
100475 INFO  ServerLogger: voina.pdf speed = 65536.0 bytes
100475 INFO  ServerLogger: voina.pdf average speed = 87381.33333333333 bytes
100475 INFO  ServerLogger: voina.pdf speed = 109226.66666666667 bytes
100475 INFO  ServerLogger: voina.pdf average speed = 88161.52380952382 bytes
100476 INFO  ServerLogger: voina.pdf speed = 87381.33333333333 bytes
100476 INFO  ServerLogger: voina.pdf average speed = 88134.62068965517 bytes
100476 INFO  ServerLogger: voina.pdf speed = 109226.66666666667 bytes
100476 INFO  ServerLogger: voina.pdf average speed = 88837.6888888889 bytes
100477 INFO  ServerLogger: voina.pdf speed = 131072.0 bytes
100477 INFO  ServerLogger: voina.pdf average speed = 90200.08602150538 bytes
100477 INFO  ServerLogger: voina.pdf speed = 21845.333333333332 bytes
100477 INFO  ServerLogger: voina.pdf average speed = 88064.0 bytes
100478 INFO  ServerLogger: voina.pdf speed = 87381.33333333333 bytes
100478 INFO  ServerLogger: voina.pdf average speed = 88043.31313131313 bytes
100478 INFO  ServerLogger: voina.pdf speed = 131072.0 bytes
100478 INFO  ServerLogger: voina.pdf average speed = 89308.86274509804 bytes
100479 INFO  ServerLogger: voina.pdf speed = 87381.33333333333 bytes
100479 INFO  ServerLogger: voina.pdf average speed = 89253.79047619048 bytes
100479 INFO  ServerLogger: voina.pdf speed = 21845.333333333332 bytes
100479 INFO  ServerLogger: voina.pdf average speed = 87381.33333333333 bytes
100480 INFO  ServerLogger: voina.pdf speed = 152917.33333333334 bytes
100480 INFO  ServerLogger: voina.pdf average speed = 89152.57657657658 bytes
100480 INFO  ServerLogger: voina.pdf speed = 21845.333333333332 bytes
100480 INFO  ServerLogger: voina.pdf average speed = 87381.33333333333 bytes
100481 INFO  ServerLogger: voina.pdf speed = 152917.33333333334 bytes
100481 INFO  ServerLogger: voina.pdf average speed = 89061.7435897436 bytes
100481 INFO  ServerLogger: voina.pdf speed = 131072.0 bytes
100481 INFO  ServerLogger: voina.pdf average speed = 90112.0 bytes
100482 INFO  ServerLogger: voina.pdf speed = 21845.333333333332 bytes
100482 INFO  ServerLogger: voina.pdf average speed = 88446.9593495935 bytes
100482 INFO  ServerLogger: voina.pdf speed = 65536.0 bytes
100482 INFO  ServerLogger: voina.pdf average speed = 87901.46031746031 bytes
100482 INFO  ServerLogger: voina.pdf speed = 152917.33333333334 bytes
100483 INFO  ServerLogger: voina.pdf average speed = 89413.45736434108 bytes
100483 INFO  ServerLogger: voina.pdf speed = 43690.666666666664 bytes
100483 INFO  ServerLogger: voina.pdf average speed = 88374.30303030302 bytes
100483 INFO  ServerLogger: voina.pdf speed = 152917.33333333334 bytes
100484 INFO  ServerLogger: voina.pdf average speed = 89808.5925925926 bytes
100484 INFO  ServerLogger: voina.pdf speed = 87381.33333333333 bytes
100484 INFO  ServerLogger: voina.pdf average speed = 89755.82608695653 bytes
100485 INFO  ServerLogger: voina.pdf speed = 65536.0 bytes
100485 INFO  ServerLogger: voina.pdf average speed = 89240.51063829787 bytes
100485 INFO  ServerLogger: voina.pdf speed = 174762.66666666666 bytes
100485 INFO  ServerLogger: voina.pdf average speed = 91022.22222222222 bytes
100486 INFO  ServerLogger: voina.pdf speed = 65536.0 bytes
100486 INFO  ServerLogger: voina.pdf average speed = 90502.09523809524 bytes
100486 INFO  ServerLogger: voina.pdf speed = 131072.0 bytes
100486 INFO  ServerLogger: voina.pdf average speed = 91313.49333333333 bytes
100486 INFO  ServerLogger: voina.pdf speed = 43690.666666666664 bytes
100487 INFO  ServerLogger: voina.pdf average speed = 90379.71241830065 bytes
100487 INFO  ServerLogger: voina.pdf speed = 109226.66666666667 bytes
100487 INFO  ServerLogger: voina.pdf average speed = 90742.15384615384 bytes
100488 INFO  ServerLogger: voina.pdf speed = 109226.66666666667 bytes
100488 INFO  ServerLogger: voina.pdf average speed = 91090.9182389937 bytes
100489 INFO  ServerLogger: voina.pdf speed = 87381.33333333333 bytes
100489 INFO  ServerLogger: voina.pdf average speed = 91022.22222222222 bytes
100489 INFO  ServerLogger: voina.pdf speed = 174762.66666666666 bytes
100489 INFO  ServerLogger: voina.pdf average speed = 92544.77575757576 bytes
100490 INFO  ServerLogger: voina.pdf speed = 87381.33333333333 bytes
100490 INFO  ServerLogger: voina.pdf average speed = 92452.57142857143 bytes
100490 INFO  ServerLogger: voina.pdf speed = 65536.0 bytes
100491 INFO  ServerLogger: voina.pdf average speed = 91980.35087719298 bytes
100491 INFO  ServerLogger: voina.pdf speed = 174762.66666666666 bytes
100491 INFO  ServerLogger: voina.pdf average speed = 93407.63218390805 bytes
100491 INFO  ServerLogger: voina.pdf speed = 43690.666666666664 bytes
100491 INFO  ServerLogger: voina.pdf average speed = 92564.97175141243 bytes
100492 INFO  ServerLogger: voina.pdf speed = 65536.0 bytes
100492 INFO  ServerLogger: voina.pdf average speed = 92114.48888888888 bytes
100492 INFO  ServerLogger: voina.pdf speed = 21845.333333333332 bytes
100492 INFO  ServerLogger: voina.pdf average speed = 90962.53551912568 bytes
100493 INFO  ServerLogger: voina.pdf speed = 43690.666666666664 bytes
100493 INFO  ServerLogger: voina.pdf average speed = 90200.08602150538 bytes
100493 INFO  ServerLogger: voina.pdf speed = 152917.33333333334 bytes
100493 INFO  ServerLogger: voina.pdf average speed = 91195.59788359789 bytes
100494 INFO  ServerLogger: voina.pdf speed = 65536.0 bytes
100494 INFO  ServerLogger: voina.pdf average speed = 90794.66666666667 bytes
100494 INFO  ServerLogger: voina.pdf speed = 43690.666666666664 bytes
100494 INFO  ServerLogger: voina.pdf average speed = 90069.98974358974 bytes
100495 INFO  ServerLogger: voina.pdf speed = 87381.33333333333 bytes
100495 INFO  ServerLogger: voina.pdf average speed = 90029.25252525252 bytes
100495 INFO  ServerLogger: voina.pdf speed = 21845.333333333332 bytes
100496 INFO  ServerLogger: voina.pdf average speed = 89011.58208955223 bytes
100496 INFO  ServerLogger: voina.pdf speed = 174762.66666666666 bytes
100496 INFO  ServerLogger: voina.pdf average speed = 90272.62745098039 bytes
100497 INFO  ServerLogger: voina.pdf speed = 131072.0 bytes
100497 INFO  ServerLogger: voina.pdf average speed = 90863.922705314 bytes
100497 INFO  ServerLogger: voina.pdf speed = 21845.333333333332 bytes
100497 INFO  ServerLogger: voina.pdf average speed = 89877.94285714286 bytes
100497 INFO  ServerLogger: voina.pdf speed = 21845.333333333332 bytes
100497 INFO  ServerLogger: voina.pdf average speed = 88919.73708920188 bytes
100498 INFO  ServerLogger: voina.pdf speed = 152917.33333333334 bytes
100498 INFO  ServerLogger: voina.pdf average speed = 89808.5925925926 bytes
100498 INFO  ServerLogger: voina.pdf speed = 109226.66666666667 bytes
100499 INFO  ServerLogger: voina.pdf average speed = 90074.59360730594 bytes
100499 INFO  ServerLogger: voina.pdf speed = 65536.0 bytes
100499 INFO  ServerLogger: voina.pdf average speed = 89742.99099099099 bytes
100500 INFO  ServerLogger: voina.pdf speed = 196608.0 bytes
100500 INFO  ServerLogger: voina.pdf average speed = 91167.85777777778 bytes
100500 INFO  ServerLogger: voina.pdf speed = 65536.0 bytes
100501 INFO  ServerLogger: voina.pdf average speed = 90830.59649122808 bytes
100501 INFO  ServerLogger: voina.pdf speed = 131072.0 bytes
100501 INFO  ServerLogger: voina.pdf average speed = 91353.21212121213 bytes
100501 INFO  ServerLogger: voina.pdf speed = 152917.33333333334 bytes
100502 INFO  ServerLogger: voina.pdf average speed = 92142.49572649572 bytes
100502 INFO  ServerLogger: voina.pdf speed = 65536.0 bytes
100502 INFO  ServerLogger: voina.pdf average speed = 91805.70464135021 bytes
100502 INFO  ServerLogger: voina.pdf speed = 131072.0 bytes
100502 INFO  ServerLogger: voina.pdf average speed = 92296.53333333334 bytes
100503 INFO  ServerLogger: voina.pdf speed = 131072.0 bytes
100503 INFO  ServerLogger: voina.pdf average speed = 92775.24279835391 bytes
100504 INFO  ServerLogger: voina.pdf speed = 131072.0 bytes
100504 INFO  ServerLogger: voina.pdf average speed = 93242.27642276423 bytes
100504 INFO  ServerLogger: voina.pdf speed = 109226.66666666667 bytes
100505 INFO  ServerLogger: voina.pdf average speed = 93434.859437751 bytes
100505 INFO  ServerLogger: voina.pdf speed = 131072.0 bytes
100505 INFO  ServerLogger: voina.pdf average speed = 93882.92063492064 bytes
100506 INFO  ServerLogger: voina.pdf speed = 152917.33333333334 bytes
100506 INFO  ServerLogger: voina.pdf average speed = 94577.4431372549 bytes
100506 INFO  ServerLogger: voina.pdf speed = 109226.66666666667 bytes
100506 INFO  ServerLogger: voina.pdf average speed = 94747.78294573643 bytes
100507 INFO  ServerLogger: voina.pdf speed = 174762.66666666666 bytes
100508 INFO  ServerLogger: voina.pdf average speed = 95667.49425287357 bytes
100508 INFO  ServerLogger: voina.pdf speed = 131072.0 bytes
100508 INFO  ServerLogger: voina.pdf average speed = 96069.81818181818 bytes
100509 INFO  ServerLogger: voina.pdf speed = 174762.66666666666 bytes
100509 INFO  ServerLogger: voina.pdf average speed = 96954.00749063671 bytes
100510 INFO  ServerLogger: voina.pdf speed = 131072.0 bytes
100510 INFO  ServerLogger: voina.pdf average speed = 97333.0962962963 bytes
100510 INFO  ServerLogger: voina.pdf speed = 109226.66666666667 bytes
100510 INFO  ServerLogger: voina.pdf average speed = 97463.79487179487 bytes
100511 INFO  ServerLogger: voina.pdf speed = 152917.33333333334 bytes
100511 INFO  ServerLogger: voina.pdf average speed = 98066.55072463768 bytes
100511 INFO  ServerLogger: voina.pdf speed = 65536.0 bytes
100511 INFO  ServerLogger: voina.pdf average speed = 97716.75985663083 bytes
100512 INFO  ServerLogger: voina.pdf speed = 87381.33333333333 bytes
100512 INFO  ServerLogger: voina.pdf average speed = 97606.8085106383 bytes
100513 INFO  ServerLogger: voina.pdf speed = 109226.66666666667 bytes
100513 INFO  ServerLogger: voina.pdf average speed = 97729.12280701754 bytes
100513 INFO  ServerLogger: voina.pdf speed = 131072.0 bytes
100513 INFO  ServerLogger: voina.pdf average speed = 98076.44444444444 bytes
100514 ERROR ServerLogger: Failure during download of voina.pdf. File may be broken!!!
147764 INFO  ServerLogger: New connection has arrived, download task given to available thread!
147768 INFO  ServerLogger: File Trevor_GTA_V.png downloaded successfully!
